2025-10-27 03:36:54 , [31merror[39m , [31mError syncing models SequelizeUniqueConstraintError: Validation error[39m
2025-10-28 03:45:18 , [31merror[39m , [31mError syncing models SequelizeUnknownConstraintError: Unknown constraint error[39m
2025-10-28 03:47:22 , [31merror[39m , [31mError syncing models SequelizeUnknownConstraintError: Unknown constraint error[39m
2025-10-28 03:51:34 , [31merror[39m , [31mno id randomUUID is not defined , POST , /api/users/register[39m
[31mReferenceError: randomUUID is not defined[39m
[31m    at requestLogger (file:///D:/NodeJS%20Course/learn/BlogApi/src/middlewares/requestLogger.js:6:21)[39m
[31m    at Layer.handleRequest (D:\NodeJS Course\learn\BlogApi\node_modules\router\lib\layer.js:152:17)[39m
[31m    at trimPrefix (D:\NodeJS Course\learn\BlogApi\node_modules\router\index.js:342:13)[39m
[31m    at D:\NodeJS Course\learn\BlogApi\node_modules\router\index.js:297:9[39m
[31m    at processParams (D:\NodeJS Course\learn\BlogApi\node_modules\router\index.js:582:12)[39m
[31m    at next (D:\NodeJS Course\learn\BlogApi\node_modules\router\index.js:291:5)[39m
[31m    at D:\NodeJS Course\learn\BlogApi\node_modules\body-parser\lib\read.js:132:5[39m
[31m    at AsyncResource.runInAsyncScope (node:async_hooks:213:14)[39m
[31m    at invokeCallback (D:\NodeJS Course\learn\BlogApi\node_modules\raw-body\index.js:238:16)[39m
[31m    at done (D:\NodeJS Course\learn\BlogApi\node_modules\raw-body\index.js:227:7)[39m
2025-10-28 03:53:53 , [31merror[39m , [31m[407d040e-44f0-4a0b-bb08-d6291892c213] Completed -> POST /api/users/register | Error (400) | 7ms[39m
2025-10-28 03:54:04 , [31merror[39m , [31m[8d8abd8c-cd61-468d-9b80-ed931b0d3b31] Completed -> POST /api/users/register | Error (400) | 2ms[39m
2025-10-28 03:54:05 , [31merror[39m , [31m[6dbf7a04-052b-44a8-9c04-f665e4eb761a] Completed -> POST /api/users/register | Error (400) | 2ms[39m
2025-10-28 03:54:11 , [31merror[39m , [31m[802881df-9cae-47f4-a3f5-2175faf5639f] Completed -> POST /api/users/register | Error (400) | 1ms[39m
2025-10-28 03:54:33 , [31merror[39m , [31m[e195a006-7b2e-4f8f-ae24-6c8daf7aebea] Completed -> POST /api/users/register | Error (400) | 1ms[39m
2025-10-28 03:54:41 , [31merror[39m , [31m[4e7a1d74-df39-4e3c-a6ed-d6b8c0a07ae0] Completed -> POST /api/users/register | Error (400) | 2ms[39m
2025-10-28 03:55:16 , [31merror[39m , [31mError syncing models SequelizeUnknownConstraintError: Unknown constraint error[39m
2025-10-28 03:55:23 , [31merror[39m , [31m5faf6477-d80d-4931-ba49-da4f45d04a73 invalid input value for enum "enum_Users_role": "user" , POST , /api/users/register[39m
[31mError[39m
[31m    at Query.run (D:\NodeJS Course\learn\BlogApi\node_modules\sequelize\lib\dialects\postgres\query.js:50:25)[39m
[31m    at D:\NodeJS Course\learn\BlogApi\node_modules\sequelize\lib\sequelize.js:315:28[39m
[31m    at async PostgresQueryInterface.insert (D:\NodeJS Course\learn\BlogApi\node_modules\sequelize\lib\dialects\abstract\query-interface.js:308:21)[39m
[31m    at async model.save (D:\NodeJS Course\learn\BlogApi\node_modules\sequelize\lib\model.js:2490:35)[39m
[31m    at async User.create (D:\NodeJS Course\learn\BlogApi\node_modules\sequelize\lib\model.js:1362:12)[39m
[31m    at async file:///D:/NodeJS%20Course/learn/BlogApi/src/controllers/user.controller.js:12:19[39m
2025-10-28 03:55:23 , [31merror[39m , [31m[5faf6477-d80d-4931-ba49-da4f45d04a73] Completed -> POST /api/users/register | Error (500) | 143ms[39m
2025-10-28 03:55:44 , [31merror[39m , [31mError syncing models SequelizeUnknownConstraintError: Unknown constraint error[39m
2025-10-28 03:56:15 , [31merror[39m , [31mError syncing models SequelizeUnknownConstraintError: Unknown constraint error[39m
2025-10-28 03:57:35 , [31merror[39m , [31mError syncing models SequelizeUnknownConstraintError: Unknown constraint error[39m
2025-10-28 03:59:13 , [31merror[39m , [31mError syncing models SequelizeUnknownConstraintError: Unknown constraint error[39m
2025-10-28 04:15:16 , [31merror[39m , [31mError syncing models SequelizeUnknownConstraintError: Unknown constraint error[39m
2025-10-28 04:15:30 , [31merror[39m , [31mError syncing models SequelizeUnknownConstraintError: Unknown constraint error[39m
2025-10-28 04:16:37 , [31merror[39m , [31m95827bbc-120f-44f9-9fcf-a9b1fc27cace Cannot destructure property 'email' of 'req.body' as it is undefined. , POST , /api/users/login[39m
[31mTypeError: Cannot destructure property 'email' of 'req.body' as it is undefined.[39m
[31m    at file:///D:/NodeJS%20Course/learn/BlogApi/src/controllers/user.controller.js:23:11[39m
[31m    at file:///D:/NodeJS%20Course/learn/BlogApi/src/middlewares/asyncWrapper.js:3:5[39m
[31m    at Layer.handleRequest (D:\NodeJS Course\learn\BlogApi\node_modules\router\lib\layer.js:152:17)[39m
[31m    at next (D:\NodeJS Course\learn\BlogApi\node_modules\router\lib\route.js:157:13)[39m
[31m    at Route.dispatch (D:\NodeJS Course\learn\BlogApi\node_modules\router\lib\route.js:117:3)[39m
[31m    at handle (D:\NodeJS Course\learn\BlogApi\node_modules\router\index.js:435:11)[39m
[31m    at Layer.handleRequest (D:\NodeJS Course\learn\BlogApi\node_modules\router\lib\layer.js:152:17)[39m
[31m    at D:\NodeJS Course\learn\BlogApi\node_modules\router\index.js:295:15[39m
[31m    at processParams (D:\NodeJS Course\learn\BlogApi\node_modules\router\index.js:582:12)[39m
[31m    at next (D:\NodeJS Course\learn\BlogApi\node_modules\router\index.js:291:5)[39m
2025-10-28 04:16:37 , [31merror[39m , [31m[95827bbc-120f-44f9-9fcf-a9b1fc27cace] Completed -> POST /api/users/login | Error (500) | 9ms[39m
2025-10-28 04:17:00 , [31merror[39m , [31me5dc3d98-5222-48f1-90b2-5a662884b50d Cannot destructure property 'email' of 'req.body' as it is undefined. , POST , /api/users/login[39m
[31mTypeError: Cannot destructure property 'email' of 'req.body' as it is undefined.[39m
[31m    at file:///D:/NodeJS%20Course/learn/BlogApi/src/controllers/user.controller.js:23:11[39m
[31m    at file:///D:/NodeJS%20Course/learn/BlogApi/src/middlewares/asyncWrapper.js:3:5[39m
[31m    at Layer.handleRequest (D:\NodeJS Course\learn\BlogApi\node_modules\router\lib\layer.js:152:17)[39m
[31m    at next (D:\NodeJS Course\learn\BlogApi\node_modules\router\lib\route.js:157:13)[39m
[31m    at Route.dispatch (D:\NodeJS Course\learn\BlogApi\node_modules\router\lib\route.js:117:3)[39m
[31m    at handle (D:\NodeJS Course\learn\BlogApi\node_modules\router\index.js:435:11)[39m
[31m    at Layer.handleRequest (D:\NodeJS Course\learn\BlogApi\node_modules\router\lib\layer.js:152:17)[39m
[31m    at D:\NodeJS Course\learn\BlogApi\node_modules\router\index.js:295:15[39m
[31m    at processParams (D:\NodeJS Course\learn\BlogApi\node_modules\router\index.js:582:12)[39m
[31m    at next (D:\NodeJS Course\learn\BlogApi\node_modules\router\index.js:291:5)[39m
2025-10-28 04:17:00 , [31merror[39m , [31m[e5dc3d98-5222-48f1-90b2-5a662884b50d] Completed -> POST /api/users/login | Error (500) | 3ms[39m
2025-10-28 04:17:14 , [31merror[39m , [31m645e1569-02f8-4196-9956-5e27f184218a Cannot destructure property 'email' of 'req.body' as it is undefined. , POST , /api/users/login[39m
[31mTypeError: Cannot destructure property 'email' of 'req.body' as it is undefined.[39m
[31m    at file:///D:/NodeJS%20Course/learn/BlogApi/src/controllers/user.controller.js:23:11[39m
[31m    at file:///D:/NodeJS%20Course/learn/BlogApi/src/middlewares/asyncWrapper.js:3:5[39m
[31m    at Layer.handleRequest (D:\NodeJS Course\learn\BlogApi\node_modules\router\lib\layer.js:152:17)[39m
[31m    at next (D:\NodeJS Course\learn\BlogApi\node_modules\router\lib\route.js:157:13)[39m
[31m    at Route.dispatch (D:\NodeJS Course\learn\BlogApi\node_modules\router\lib\route.js:117:3)[39m
[31m    at handle (D:\NodeJS Course\learn\BlogApi\node_modules\router\index.js:435:11)[39m
[31m    at Layer.handleRequest (D:\NodeJS Course\learn\BlogApi\node_modules\router\lib\layer.js:152:17)[39m
[31m    at D:\NodeJS Course\learn\BlogApi\node_modules\router\index.js:295:15[39m
[31m    at processParams (D:\NodeJS Course\learn\BlogApi\node_modules\router\index.js:582:12)[39m
[31m    at next (D:\NodeJS Course\learn\BlogApi\node_modules\router\index.js:291:5)[39m
2025-10-28 04:17:14 , [31merror[39m , [31m[645e1569-02f8-4196-9956-5e27f184218a] Completed -> POST /api/users/login | Error (500) | 3ms[39m
2025-10-28 04:17:15 , [31merror[39m , [31ma9f84db4-2297-452b-962d-cce1fef891f8 Cannot destructure property 'email' of 'req.body' as it is undefined. , POST , /api/users/login[39m
[31mTypeError: Cannot destructure property 'email' of 'req.body' as it is undefined.[39m
[31m    at file:///D:/NodeJS%20Course/learn/BlogApi/src/controllers/user.controller.js:23:11[39m
[31m    at file:///D:/NodeJS%20Course/learn/BlogApi/src/middlewares/asyncWrapper.js:3:5[39m
[31m    at Layer.handleRequest (D:\NodeJS Course\learn\BlogApi\node_modules\router\lib\layer.js:152:17)[39m
[31m    at next (D:\NodeJS Course\learn\BlogApi\node_modules\router\lib\route.js:157:13)[39m
[31m    at Route.dispatch (D:\NodeJS Course\learn\BlogApi\node_modules\router\lib\route.js:117:3)[39m
[31m    at handle (D:\NodeJS Course\learn\BlogApi\node_modules\router\index.js:435:11)[39m
[31m    at Layer.handleRequest (D:\NodeJS Course\learn\BlogApi\node_modules\router\lib\layer.js:152:17)[39m
[31m    at D:\NodeJS Course\learn\BlogApi\node_modules\router\index.js:295:15[39m
[31m    at processParams (D:\NodeJS Course\learn\BlogApi\node_modules\router\index.js:582:12)[39m
[31m    at next (D:\NodeJS Course\learn\BlogApi\node_modules\router\index.js:291:5)[39m
2025-10-28 04:17:15 , [31merror[39m , [31m[a9f84db4-2297-452b-962d-cce1fef891f8] Completed -> POST /api/users/login | Error (500) | 2ms[39m
2025-10-28 04:26:07 , [31merror[39m , [31mError syncing models SequelizeUnknownConstraintError: Unknown constraint error[39m
2025-10-28 04:51:40 , [31merror[39m , [31mError syncing models SequelizeUnknownConstraintError: Unknown constraint error[39m
2025-10-28 04:53:56 , [31merror[39m , [31mError syncing models SequelizeUnknownConstraintError: Unknown constraint error[39m
2025-10-28 04:57:59 , [31merror[39m , [31m[1cfeadc7-7e80-4cd0-9133-385c81615d53] Completed -> GET /api/users/d50e8cd6-672a-4523-9efc-b73c2acf99b2 | Error (404) | 3ms[39m
2025-10-28 04:59:54 , [31merror[39m , [31m66c595fc-dbbc-49be-a041-b67e8158f668 invalid input syntax for type uuid: "d50e8cd6-672a-4523-9efc-b73c2acf9" , GET , /api/users/d50e8cd6-672a-4523-9efc-b73c2acf9[39m
[31mError[39m
[31m    at Query.run (D:\NodeJS Course\learn\BlogApi\node_modules\sequelize\lib\dialects\postgres\query.js:50:25)[39m
[31m    at D:\NodeJS Course\learn\BlogApi\node_modules\sequelize\lib\sequelize.js:315:28[39m
[31m    at process.processTicksAndRejections (node:internal/process/task_queues:103:5)[39m
[31m    at async PostgresQueryInterface.select (D:\NodeJS Course\learn\BlogApi\node_modules\sequelize\lib\dialects\abstract\query-interface.js:407:12)[39m
[31m    at async User.findAll (D:\NodeJS Course\learn\BlogApi\node_modules\sequelize\lib\model.js:1140:21)[39m
[31m    at async User.findOne (D:\NodeJS Course\learn\BlogApi\node_modules\sequelize\lib\model.js:1240:12)[39m
[31m    at async User.findByPk (D:\NodeJS Course\learn\BlogApi\node_modules\sequelize\lib\model.js:1221:12)[39m
[31m    at async file:///D:/NodeJS%20Course/learn/BlogApi/src/controllers/user.controller.js:53:16[39m
2025-10-28 04:59:54 , [31merror[39m , [31m[66c595fc-dbbc-49be-a041-b67e8158f668] Completed -> GET /api/users/d50e8cd6-672a-4523-9efc-b73c2acf9 | Error (500) | 158ms[39m
2025-10-28 05:02:13 , [31merror[39m , [31m[f3c7b2b0-e1a7-49ba-b7f3-dcd757924fa1] Completed -> POST /api/users/register | Error (400) | 77ms[39m
2025-10-28 05:03:14 , [31merror[39m , [31mError syncing models SequelizeUnknownConstraintError: Unknown constraint error[39m
2025-10-28 05:03:48 , [31merror[39m , [31m[63260cd1-446f-4319-8b9a-083c59d2a5c8] Completed -> POST /api/users/register | Error (400) | 13ms[39m
2025-10-28 05:07:01 , [31merror[39m , [31mError syncing models SequelizeUnknownConstraintError: Unknown constraint error[39m
2025-10-28 05:07:59 , [31merror[39m , [31mError syncing models SequelizeUnknownConstraintError: Unknown constraint error[39m
2025-10-28 05:09:54 , [31merror[39m , [31mError syncing models SequelizeUnknownConstraintError: Unknown constraint error[39m
2025-10-28 05:10:41 , [31merror[39m , [31m[987b7d40-e641-4708-b60d-4a550c2390ce] Completed -> DELETE /api/users/ | Error (404) | 5ms[39m
2025-10-28 05:10:54 , [31merror[39m , [31m2ca9a3b7-72b0-40cd-a526-cf0a4bb7236f Expected plain object, array or sequelize method in the options.where parameter of model.destroy. , DELETE , /api/users/0a5ade8e-31be-48d7-9aca-5bb9d4b4c57b[39m
[31mError: Expected plain object, array or sequelize method in the options.where parameter of model.destroy.[39m
[31m    at User.destroy (D:\NodeJS Course\learn\BlogApi\node_modules\sequelize\lib\model.js:1806:13)[39m
[31m    at file:///D:/NodeJS%20Course/learn/BlogApi/src/controllers/user.controller.js:62:30[39m
[31m    at file:///D:/NodeJS%20Course/learn/BlogApi/src/middlewares/asyncWrapper.js:3:5[39m
[31m    at Layer.handleRequest (D:\NodeJS Course\learn\BlogApi\node_modules\router\lib\layer.js:152:17)[39m
[31m    at next (D:\NodeJS Course\learn\BlogApi\node_modules\router\lib\route.js:157:13)[39m
[31m    at Route.dispatch (D:\NodeJS Course\learn\BlogApi\node_modules\router\lib\route.js:117:3)[39m
[31m    at handle (D:\NodeJS Course\learn\BlogApi\node_modules\router\index.js:435:11)[39m
[31m    at Layer.handleRequest (D:\NodeJS Course\learn\BlogApi\node_modules\router\lib\layer.js:152:17)[39m
[31m    at D:\NodeJS Course\learn\BlogApi\node_modules\router\index.js:295:15[39m
[31m    at param (D:\NodeJS Course\learn\BlogApi\node_modules\router\index.js:600:14)[39m
2025-10-28 05:10:54 , [31merror[39m , [31m[2ca9a3b7-72b0-40cd-a526-cf0a4bb7236f] Completed -> DELETE /api/users/0a5ade8e-31be-48d7-9aca-5bb9d4b4c57b | Error (500) | 4ms[39m
2025-10-28 05:12:01 , [31merror[39m , [31m[726ffc34-c3a1-468a-ad21-ce48fbf4f2a4] Completed -> DELETE /api/users/ | Error (404) | 2ms[39m
2025-10-28 05:12:23 , [31merror[39m , [31m[c0f7b52f-f982-44da-ba7c-6d818315a3e2] Completed -> DELETE /api/users/0a5ade8e-31be-48d7-9aca-5bb9d4b4c57b | Error (404) | 16ms[39m
2025-10-28 05:15:23 , [31merror[39m , [31mError syncing models SequelizeUnknownConstraintError: Unknown constraint error[39m
2025-10-28 05:26:39 , [31merror[39m , [31mError syncing models SequelizeUnknownConstraintError: Unknown constraint error[39m
2025-10-28 05:36:28 , [31merror[39m , [31mError syncing models SequelizeUnknownConstraintError: Unknown constraint error[39m
2025-10-28 05:38:52 , [31merror[39m , [31mError syncing models SequelizeUnknownConstraintError: Unknown constraint error[39m
2025-10-28 06:04:37 , [31merror[39m , [31mError syncing models SequelizeUnknownConstraintError: Unknown constraint error[39m
2025-10-28 06:06:08 , [31merror[39m , [31m[b055ff93-be10-4eb9-8934-a942ee748806] Completed -> POST /api/posts/ | Error (404) | 4ms[39m
2025-10-28 06:06:42 , [31merror[39m , [31m[8e281158-35f5-4201-915a-9e91afc6d638] Completed -> POST /api/posts/ | Error (404) | 1ms[39m
2025-10-28 06:07:13 , [31merror[39m , [31m[9a89ac32-83ba-4aae-af1a-1de9a651afe2] Completed -> POST /api/posts/ | Error (404) | 4ms[39m
2025-10-28 06:07:14 , [31merror[39m , [31m[56f0481c-25c0-4a47-9618-4a81a7fa467b] Completed -> POST /api/posts/ | Error (404) | 1ms[39m
2025-10-28 06:11:36 , [31merror[39m , [31mfe76e1d8-2581-4574-a13a-b82b8959326f Unauthorized , POST , /api/posts/[39m
[31mError: Unauthorized[39m
[31m    at file:///D:/NodeJS%20Course/learn/BlogApi/src/controllers/post.controller.js:8:28[39m
[31m    at file:///D:/NodeJS%20Course/learn/BlogApi/src/middlewares/asyncWrapper.js:3:5[39m
[31m    at Layer.handleRequest (D:\NodeJS Course\learn\BlogApi\node_modules\router\lib\layer.js:152:17)[39m
[31m    at next (D:\NodeJS Course\learn\BlogApi\node_modules\router\lib\route.js:157:13)[39m
[31m    at file:///D:/NodeJS%20Course/learn/BlogApi/src/middlewares/verifyToken.js:14:3[39m
[31m    at file:///D:/NodeJS%20Course/learn/BlogApi/src/middlewares/asyncWrapper.js:3:5[39m
[31m    at Layer.handleRequest (D:\NodeJS Course\learn\BlogApi\node_modules\router\lib\layer.js:152:17)[39m
[31m    at next (D:\NodeJS Course\learn\BlogApi\node_modules\router\lib\route.js:157:13)[39m
[31m    at Route.dispatch (D:\NodeJS Course\learn\BlogApi\node_modules\router\lib\route.js:117:3)[39m
[31m    at handle (D:\NodeJS Course\learn\BlogApi\node_modules\router\index.js:435:11)[39m
2025-10-28 06:11:36 , [31merror[39m , [31m[fe76e1d8-2581-4574-a13a-b82b8959326f] Completed -> POST /api/posts/ | Error (401) | 11ms[39m
2025-10-28 06:11:56 , [31merror[39m , [31m855b9e75-086e-4d68-8ea2-abe752c07407 Unauthorized , POST , /api/posts/[39m
[31mError: Unauthorized[39m
[31m    at file:///D:/NodeJS%20Course/learn/BlogApi/src/controllers/post.controller.js:8:28[39m
[31m    at file:///D:/NodeJS%20Course/learn/BlogApi/src/middlewares/asyncWrapper.js:3:5[39m
[31m    at Layer.handleRequest (D:\NodeJS Course\learn\BlogApi\node_modules\router\lib\layer.js:152:17)[39m
[31m    at next (D:\NodeJS Course\learn\BlogApi\node_modules\router\lib\route.js:157:13)[39m
[31m    at file:///D:/NodeJS%20Course/learn/BlogApi/src/middlewares/verifyToken.js:14:3[39m
[31m    at file:///D:/NodeJS%20Course/learn/BlogApi/src/middlewares/asyncWrapper.js:3:5[39m
[31m    at Layer.handleRequest (D:\NodeJS Course\learn\BlogApi\node_modules\router\lib\layer.js:152:17)[39m
[31m    at next (D:\NodeJS Course\learn\BlogApi\node_modules\router\lib\route.js:157:13)[39m
[31m    at Route.dispatch (D:\NodeJS Course\learn\BlogApi\node_modules\router\lib\route.js:117:3)[39m
[31m    at handle (D:\NodeJS Course\learn\BlogApi\node_modules\router\index.js:435:11)[39m
2025-10-28 06:11:56 , [31merror[39m , [31m[855b9e75-086e-4d68-8ea2-abe752c07407] Completed -> POST /api/posts/ | Error (401) | 3ms[39m
2025-10-28 06:11:57 , [31merror[39m , [31mc24d6c80-1364-452e-9b2f-3d52d0b52bd9 Unauthorized , POST , /api/posts/[39m
[31mError: Unauthorized[39m
[31m    at file:///D:/NodeJS%20Course/learn/BlogApi/src/controllers/post.controller.js:8:28[39m
[31m    at file:///D:/NodeJS%20Course/learn/BlogApi/src/middlewares/asyncWrapper.js:3:5[39m
[31m    at Layer.handleRequest (D:\NodeJS Course\learn\BlogApi\node_modules\router\lib\layer.js:152:17)[39m
[31m    at next (D:\NodeJS Course\learn\BlogApi\node_modules\router\lib\route.js:157:13)[39m
[31m    at file:///D:/NodeJS%20Course/learn/BlogApi/src/middlewares/verifyToken.js:14:3[39m
[31m    at file:///D:/NodeJS%20Course/learn/BlogApi/src/middlewares/asyncWrapper.js:3:5[39m
[31m    at Layer.handleRequest (D:\NodeJS Course\learn\BlogApi\node_modules\router\lib\layer.js:152:17)[39m
[31m    at next (D:\NodeJS Course\learn\BlogApi\node_modules\router\lib\route.js:157:13)[39m
[31m    at Route.dispatch (D:\NodeJS Course\learn\BlogApi\node_modules\router\lib\route.js:117:3)[39m
[31m    at handle (D:\NodeJS Course\learn\BlogApi\node_modules\router\index.js:435:11)[39m
2025-10-28 06:11:57 , [31merror[39m , [31m[c24d6c80-1364-452e-9b2f-3d52d0b52bd9] Completed -> POST /api/posts/ | Error (401) | 2ms[39m
2025-10-28 06:11:57 , [31merror[39m , [31m933d149e-e967-4ecf-a90c-98b3ef263643 Unauthorized , POST , /api/posts/[39m
[31mError: Unauthorized[39m
[31m    at file:///D:/NodeJS%20Course/learn/BlogApi/src/controllers/post.controller.js:8:28[39m
[31m    at file:///D:/NodeJS%20Course/learn/BlogApi/src/middlewares/asyncWrapper.js:3:5[39m
[31m    at Layer.handleRequest (D:\NodeJS Course\learn\BlogApi\node_modules\router\lib\layer.js:152:17)[39m
[31m    at next (D:\NodeJS Course\learn\BlogApi\node_modules\router\lib\route.js:157:13)[39m
[31m    at file:///D:/NodeJS%20Course/learn/BlogApi/src/middlewares/verifyToken.js:14:3[39m
[31m    at file:///D:/NodeJS%20Course/learn/BlogApi/src/middlewares/asyncWrapper.js:3:5[39m
[31m    at Layer.handleRequest (D:\NodeJS Course\learn\BlogApi\node_modules\router\lib\layer.js:152:17)[39m
[31m    at next (D:\NodeJS Course\learn\BlogApi\node_modules\router\lib\route.js:157:13)[39m
[31m    at Route.dispatch (D:\NodeJS Course\learn\BlogApi\node_modules\router\lib\route.js:117:3)[39m
[31m    at handle (D:\NodeJS Course\learn\BlogApi\node_modules\router\index.js:435:11)[39m
2025-10-28 06:11:57 , [31merror[39m , [31m[933d149e-e967-4ecf-a90c-98b3ef263643] Completed -> POST /api/posts/ | Error (401) | 3ms[39m
2025-10-28 06:12:44 , [31merror[39m , [31ma892a8a8-f37f-4665-8963-80d4e099dee2 Unauthorized , POST , /api/posts/[39m
[31mError: Unauthorized[39m
[31m    at file:///D:/NodeJS%20Course/learn/BlogApi/src/controllers/post.controller.js:8:28[39m
[31m    at file:///D:/NodeJS%20Course/learn/BlogApi/src/middlewares/asyncWrapper.js:3:5[39m
[31m    at Layer.handleRequest (D:\NodeJS Course\learn\BlogApi\node_modules\router\lib\layer.js:152:17)[39m
[31m    at next (D:\NodeJS Course\learn\BlogApi\node_modules\router\lib\route.js:157:13)[39m
[31m    at file:///D:/NodeJS%20Course/learn/BlogApi/src/middlewares/verifyToken.js:14:3[39m
[31m    at file:///D:/NodeJS%20Course/learn/BlogApi/src/middlewares/asyncWrapper.js:3:5[39m
[31m    at Layer.handleRequest (D:\NodeJS Course\learn\BlogApi\node_modules\router\lib\layer.js:152:17)[39m
[31m    at next (D:\NodeJS Course\learn\BlogApi\node_modules\router\lib\route.js:157:13)[39m
[31m    at Route.dispatch (D:\NodeJS Course\learn\BlogApi\node_modules\router\lib\route.js:117:3)[39m
[31m    at handle (D:\NodeJS Course\learn\BlogApi\node_modules\router\index.js:435:11)[39m
2025-10-28 06:12:44 , [31merror[39m , [31m[a892a8a8-f37f-4665-8963-80d4e099dee2] Completed -> POST /api/posts/ | Error (401) | 10ms[39m
2025-10-28 06:12:45 , [31merror[39m , [31m871289a2-f36b-4bc2-b39c-47278ec17e63 Unauthorized , POST , /api/posts/[39m
[31mError: Unauthorized[39m
[31m    at file:///D:/NodeJS%20Course/learn/BlogApi/src/controllers/post.controller.js:8:28[39m
[31m    at file:///D:/NodeJS%20Course/learn/BlogApi/src/middlewares/asyncWrapper.js:3:5[39m
[31m    at Layer.handleRequest (D:\NodeJS Course\learn\BlogApi\node_modules\router\lib\layer.js:152:17)[39m
[31m    at next (D:\NodeJS Course\learn\BlogApi\node_modules\router\lib\route.js:157:13)[39m
[31m    at file:///D:/NodeJS%20Course/learn/BlogApi/src/middlewares/verifyToken.js:14:3[39m
[31m    at file:///D:/NodeJS%20Course/learn/BlogApi/src/middlewares/asyncWrapper.js:3:5[39m
[31m    at Layer.handleRequest (D:\NodeJS Course\learn\BlogApi\node_modules\router\lib\layer.js:152:17)[39m
[31m    at next (D:\NodeJS Course\learn\BlogApi\node_modules\router\lib\route.js:157:13)[39m
[31m    at Route.dispatch (D:\NodeJS Course\learn\BlogApi\node_modules\router\lib\route.js:117:3)[39m
[31m    at handle (D:\NodeJS Course\learn\BlogApi\node_modules\router\index.js:435:11)[39m
2025-10-28 06:12:45 , [31merror[39m , [31m[871289a2-f36b-4bc2-b39c-47278ec17e63] Completed -> POST /api/posts/ | Error (401) | 3ms[39m
2025-10-28 06:12:46 , [31merror[39m , [31m1d3fb927-a1ad-478a-85cd-eea47463410b Unauthorized , POST , /api/posts/[39m
[31mError: Unauthorized[39m
[31m    at file:///D:/NodeJS%20Course/learn/BlogApi/src/controllers/post.controller.js:8:28[39m
[31m    at file:///D:/NodeJS%20Course/learn/BlogApi/src/middlewares/asyncWrapper.js:3:5[39m
[31m    at Layer.handleRequest (D:\NodeJS Course\learn\BlogApi\node_modules\router\lib\layer.js:152:17)[39m
[31m    at next (D:\NodeJS Course\learn\BlogApi\node_modules\router\lib\route.js:157:13)[39m
[31m    at file:///D:/NodeJS%20Course/learn/BlogApi/src/middlewares/verifyToken.js:14:3[39m
[31m    at file:///D:/NodeJS%20Course/learn/BlogApi/src/middlewares/asyncWrapper.js:3:5[39m
[31m    at Layer.handleRequest (D:\NodeJS Course\learn\BlogApi\node_modules\router\lib\layer.js:152:17)[39m
[31m    at next (D:\NodeJS Course\learn\BlogApi\node_modules\router\lib\route.js:157:13)[39m
[31m    at Route.dispatch (D:\NodeJS Course\learn\BlogApi\node_modules\router\lib\route.js:117:3)[39m
[31m    at handle (D:\NodeJS Course\learn\BlogApi\node_modules\router\index.js:435:11)[39m
2025-10-28 06:12:46 , [31merror[39m , [31m[1d3fb927-a1ad-478a-85cd-eea47463410b] Completed -> POST /api/posts/ | Error (401) | 3ms[39m
2025-10-28 06:14:30 , [31merror[39m , [31mError syncing models SequelizeUnknownConstraintError: Unknown constraint error[39m
2025-10-28 06:15:18 , [31merror[39m , [31mc2c0d424-9da4-4736-9ffe-666bc70ea0d6 Post.create is not a function , POST , /api/posts/[39m
[31mTypeError: Post.create is not a function[39m
[31m    at file:///D:/NodeJS%20Course/learn/BlogApi/src/controllers/post.controller.js:10:30[39m
[31m    at file:///D:/NodeJS%20Course/learn/BlogApi/src/middlewares/asyncWrapper.js:3:5[39m
[31m    at Layer.handleRequest (D:\NodeJS Course\learn\BlogApi\node_modules\router\lib\layer.js:152:17)[39m
[31m    at next (D:\NodeJS Course\learn\BlogApi\node_modules\router\lib\route.js:157:13)[39m
[31m    at file:///D:/NodeJS%20Course/learn/BlogApi/src/middlewares/verifyToken.js:14:3[39m
[31m    at file:///D:/NodeJS%20Course/learn/BlogApi/src/middlewares/asyncWrapper.js:3:5[39m
[31m    at Layer.handleRequest (D:\NodeJS Course\learn\BlogApi\node_modules\router\lib\layer.js:152:17)[39m
[31m    at next (D:\NodeJS Course\learn\BlogApi\node_modules\router\lib\route.js:157:13)[39m
[31m    at Route.dispatch (D:\NodeJS Course\learn\BlogApi\node_modules\router\lib\route.js:117:3)[39m
[31m    at handle (D:\NodeJS Course\learn\BlogApi\node_modules\router\index.js:435:11)[39m
2025-10-28 06:15:18 , [31merror[39m , [31m[c2c0d424-9da4-4736-9ffe-666bc70ea0d6] Completed -> POST /api/posts/ | Error (500) | 10ms[39m
2025-10-28 06:17:39 , [31merror[39m , [31mError syncing models SequelizeUnknownConstraintError: Unknown constraint error[39m
2025-10-28 06:19:34 , [31merror[39m , [31m488cdff7-a86e-4041-8a2c-52cd5638abee Fields are required , POST , /api/posts/[39m
[31mError: Fields are required[39m
[31m    at file:///D:/NodeJS%20Course/learn/BlogApi/src/controllers/post.controller.js:9:39[39m
[31m    at file:///D:/NodeJS%20Course/learn/BlogApi/src/middlewares/asyncWrapper.js:3:5[39m
[31m    at Layer.handleRequest (D:\NodeJS Course\learn\BlogApi\node_modules\router\lib\layer.js:152:17)[39m
[31m    at next (D:\NodeJS Course\learn\BlogApi\node_modules\router\lib\route.js:157:13)[39m
[31m    at file:///D:/NodeJS%20Course/learn/BlogApi/src/middlewares/verifyToken.js:14:3[39m
[31m    at file:///D:/NodeJS%20Course/learn/BlogApi/src/middlewares/asyncWrapper.js:3:5[39m
[31m    at Layer.handleRequest (D:\NodeJS Course\learn\BlogApi\node_modules\router\lib\layer.js:152:17)[39m
[31m    at next (D:\NodeJS Course\learn\BlogApi\node_modules\router\lib\route.js:157:13)[39m
[31m    at Route.dispatch (D:\NodeJS Course\learn\BlogApi\node_modules\router\lib\route.js:117:3)[39m
[31m    at handle (D:\NodeJS Course\learn\BlogApi\node_modules\router\index.js:435:11)[39m
2025-10-28 06:19:34 , [31merror[39m , [31m[488cdff7-a86e-4041-8a2c-52cd5638abee] Completed -> POST /api/posts/ | Error (500) | 3ms[39m
2025-10-28 06:19:34 , [31merror[39m , [31m9ade0e17-d7cc-4926-ab25-c69985a15daf Fields are required , POST , /api/posts/[39m
[31mError: Fields are required[39m
[31m    at file:///D:/NodeJS%20Course/learn/BlogApi/src/controllers/post.controller.js:9:39[39m
[31m    at file:///D:/NodeJS%20Course/learn/BlogApi/src/middlewares/asyncWrapper.js:3:5[39m
[31m    at Layer.handleRequest (D:\NodeJS Course\learn\BlogApi\node_modules\router\lib\layer.js:152:17)[39m
[31m    at next (D:\NodeJS Course\learn\BlogApi\node_modules\router\lib\route.js:157:13)[39m
[31m    at file:///D:/NodeJS%20Course/learn/BlogApi/src/middlewares/verifyToken.js:14:3[39m
[31m    at file:///D:/NodeJS%20Course/learn/BlogApi/src/middlewares/asyncWrapper.js:3:5[39m
[31m    at Layer.handleRequest (D:\NodeJS Course\learn\BlogApi\node_modules\router\lib\layer.js:152:17)[39m
[31m    at next (D:\NodeJS Course\learn\BlogApi\node_modules\router\lib\route.js:157:13)[39m
[31m    at Route.dispatch (D:\NodeJS Course\learn\BlogApi\node_modules\router\lib\route.js:117:3)[39m
[31m    at handle (D:\NodeJS Course\learn\BlogApi\node_modules\router\index.js:435:11)[39m
2025-10-28 06:19:34 , [31merror[39m , [31m[9ade0e17-d7cc-4926-ab25-c69985a15daf] Completed -> POST /api/posts/ | Error (500) | 2ms[39m
2025-10-28 06:38:12 , [31merror[39m , [31m2a549691-f05d-4ad8-8ef5-582e43ac2017 Cannot destructure property 'title' of 'req.body' as it is undefined. , POST , /api/posts/[39m
[31mTypeError: Cannot destructure property 'title' of 'req.body' as it is undefined.[39m
[31m    at file:///D:/NodeJS%20Course/learn/BlogApi/src/controllers/post.controller.js:7:11[39m
[31m    at file:///D:/NodeJS%20Course/learn/BlogApi/src/middlewares/asyncWrapper.js:3:5[39m
[31m    at Layer.handleRequest (D:\NodeJS Course\learn\BlogApi\node_modules\router\lib\layer.js:152:17)[39m
[31m    at next (D:\NodeJS Course\learn\BlogApi\node_modules\router\lib\route.js:157:13)[39m
[31m    at file:///D:/NodeJS%20Course/learn/BlogApi/src/middlewares/verifyToken.js:14:3[39m
[31m    at file:///D:/NodeJS%20Course/learn/BlogApi/src/middlewares/asyncWrapper.js:3:5[39m
[31m    at Layer.handleRequest (D:\NodeJS Course\learn\BlogApi\node_modules\router\lib\layer.js:152:17)[39m
[31m    at next (D:\NodeJS Course\learn\BlogApi\node_modules\router\lib\route.js:157:13)[39m
[31m    at Route.dispatch (D:\NodeJS Course\learn\BlogApi\node_modules\router\lib\route.js:117:3)[39m
[31m    at handle (D:\NodeJS Course\learn\BlogApi\node_modules\router\index.js:435:11)[39m
2025-10-28 06:38:12 , [31merror[39m , [31m[2a549691-f05d-4ad8-8ef5-582e43ac2017] Completed -> POST /api/posts/ | Error (500) | 11ms[39m
2025-10-28 06:39:28 , [31merror[39m , [31m34c10eef-e112-4067-91ef-f8f12057dd5b Cannot destructure property 'title' of 'req.body' as it is undefined. , POST , /api/posts/[39m
[31mTypeError: Cannot destructure property 'title' of 'req.body' as it is undefined.[39m
[31m    at file:///D:/NodeJS%20Course/learn/BlogApi/src/controllers/post.controller.js:7:11[39m
[31m    at file:///D:/NodeJS%20Course/learn/BlogApi/src/middlewares/asyncWrapper.js:3:5[39m
[31m    at Layer.handleRequest (D:\NodeJS Course\learn\BlogApi\node_modules\router\lib\layer.js:152:17)[39m
[31m    at next (D:\NodeJS Course\learn\BlogApi\node_modules\router\lib\route.js:157:13)[39m
[31m    at file:///D:/NodeJS%20Course/learn/BlogApi/src/middlewares/verifyToken.js:14:3[39m
[31m    at file:///D:/NodeJS%20Course/learn/BlogApi/src/middlewares/asyncWrapper.js:3:5[39m
[31m    at Layer.handleRequest (D:\NodeJS Course\learn\BlogApi\node_modules\router\lib\layer.js:152:17)[39m
[31m    at next (D:\NodeJS Course\learn\BlogApi\node_modules\router\lib\route.js:157:13)[39m
[31m    at Route.dispatch (D:\NodeJS Course\learn\BlogApi\node_modules\router\lib\route.js:117:3)[39m
[31m    at handle (D:\NodeJS Course\learn\BlogApi\node_modules\router\index.js:435:11)[39m
2025-10-28 06:39:28 , [31merror[39m , [31m[34c10eef-e112-4067-91ef-f8f12057dd5b] Completed -> POST /api/posts/ | Error (500) | 13ms[39m
2025-10-28 06:39:29 , [31merror[39m , [31m50eaf61d-d824-47d1-affd-827ab4ae2dd5 Cannot destructure property 'title' of 'req.body' as it is undefined. , POST , /api/posts/[39m
[31mTypeError: Cannot destructure property 'title' of 'req.body' as it is undefined.[39m
[31m    at file:///D:/NodeJS%20Course/learn/BlogApi/src/controllers/post.controller.js:7:11[39m
[31m    at file:///D:/NodeJS%20Course/learn/BlogApi/src/middlewares/asyncWrapper.js:3:5[39m
[31m    at Layer.handleRequest (D:\NodeJS Course\learn\BlogApi\node_modules\router\lib\layer.js:152:17)[39m
[31m    at next (D:\NodeJS Course\learn\BlogApi\node_modules\router\lib\route.js:157:13)[39m
[31m    at file:///D:/NodeJS%20Course/learn/BlogApi/src/middlewares/verifyToken.js:14:3[39m
[31m    at file:///D:/NodeJS%20Course/learn/BlogApi/src/middlewares/asyncWrapper.js:3:5[39m
[31m    at Layer.handleRequest (D:\NodeJS Course\learn\BlogApi\node_modules\router\lib\layer.js:152:17)[39m
[31m    at next (D:\NodeJS Course\learn\BlogApi\node_modules\router\lib\route.js:157:13)[39m
[31m    at Route.dispatch (D:\NodeJS Course\learn\BlogApi\node_modules\router\lib\route.js:117:3)[39m
[31m    at handle (D:\NodeJS Course\learn\BlogApi\node_modules\router\index.js:435:11)[39m
2025-10-28 06:39:29 , [31merror[39m , [31m[50eaf61d-d824-47d1-affd-827ab4ae2dd5] Completed -> POST /api/posts/ | Error (500) | 3ms[39m
2025-10-28 06:39:30 , [31merror[39m , [31m9d6b591d-d022-4420-ae85-9cb8b2aaea12 Cannot destructure property 'title' of 'req.body' as it is undefined. , POST , /api/posts/[39m
[31mTypeError: Cannot destructure property 'title' of 'req.body' as it is undefined.[39m
[31m    at file:///D:/NodeJS%20Course/learn/BlogApi/src/controllers/post.controller.js:7:11[39m
[31m    at file:///D:/NodeJS%20Course/learn/BlogApi/src/middlewares/asyncWrapper.js:3:5[39m
[31m    at Layer.handleRequest (D:\NodeJS Course\learn\BlogApi\node_modules\router\lib\layer.js:152:17)[39m
[31m    at next (D:\NodeJS Course\learn\BlogApi\node_modules\router\lib\route.js:157:13)[39m
[31m    at file:///D:/NodeJS%20Course/learn/BlogApi/src/middlewares/verifyToken.js:14:3[39m
[31m    at file:///D:/NodeJS%20Course/learn/BlogApi/src/middlewares/asyncWrapper.js:3:5[39m
[31m    at Layer.handleRequest (D:\NodeJS Course\learn\BlogApi\node_modules\router\lib\layer.js:152:17)[39m
[31m    at next (D:\NodeJS Course\learn\BlogApi\node_modules\router\lib\route.js:157:13)[39m
[31m    at Route.dispatch (D:\NodeJS Course\learn\BlogApi\node_modules\router\lib\route.js:117:3)[39m
[31m    at handle (D:\NodeJS Course\learn\BlogApi\node_modules\router\index.js:435:11)[39m
2025-10-28 06:39:30 , [31merror[39m , [31m[9d6b591d-d022-4420-ae85-9cb8b2aaea12] Completed -> POST /api/posts/ | Error (500) | 3ms[39m
2025-10-28 06:39:31 , [31merror[39m , [31m0d71a048-603f-4c0b-a598-902665c427e5 Cannot destructure property 'title' of 'req.body' as it is undefined. , POST , /api/posts/[39m
[31mTypeError: Cannot destructure property 'title' of 'req.body' as it is undefined.[39m
[31m    at file:///D:/NodeJS%20Course/learn/BlogApi/src/controllers/post.controller.js:7:11[39m
[31m    at file:///D:/NodeJS%20Course/learn/BlogApi/src/middlewares/asyncWrapper.js:3:5[39m
[31m    at Layer.handleRequest (D:\NodeJS Course\learn\BlogApi\node_modules\router\lib\layer.js:152:17)[39m
[31m    at next (D:\NodeJS Course\learn\BlogApi\node_modules\router\lib\route.js:157:13)[39m
[31m    at file:///D:/NodeJS%20Course/learn/BlogApi/src/middlewares/verifyToken.js:14:3[39m
[31m    at file:///D:/NodeJS%20Course/learn/BlogApi/src/middlewares/asyncWrapper.js:3:5[39m
[31m    at Layer.handleRequest (D:\NodeJS Course\learn\BlogApi\node_modules\router\lib\layer.js:152:17)[39m
[31m    at next (D:\NodeJS Course\learn\BlogApi\node_modules\router\lib\route.js:157:13)[39m
[31m    at Route.dispatch (D:\NodeJS Course\learn\BlogApi\node_modules\router\lib\route.js:117:3)[39m
[31m    at handle (D:\NodeJS Course\learn\BlogApi\node_modules\router\index.js:435:11)[39m
2025-10-28 06:39:31 , [31merror[39m , [31m[0d71a048-603f-4c0b-a598-902665c427e5] Completed -> POST /api/posts/ | Error (500) | 3ms[39m
2025-10-28 06:39:32 , [31merror[39m , [31mb4ba2d79-820e-4a19-995d-6073915a01a4 Cannot destructure property 'title' of 'req.body' as it is undefined. , POST , /api/posts/[39m
[31mTypeError: Cannot destructure property 'title' of 'req.body' as it is undefined.[39m
[31m    at file:///D:/NodeJS%20Course/learn/BlogApi/src/controllers/post.controller.js:7:11[39m
[31m    at file:///D:/NodeJS%20Course/learn/BlogApi/src/middlewares/asyncWrapper.js:3:5[39m
[31m    at Layer.handleRequest (D:\NodeJS Course\learn\BlogApi\node_modules\router\lib\layer.js:152:17)[39m
[31m    at next (D:\NodeJS Course\learn\BlogApi\node_modules\router\lib\route.js:157:13)[39m
[31m    at file:///D:/NodeJS%20Course/learn/BlogApi/src/middlewares/verifyToken.js:14:3[39m
[31m    at file:///D:/NodeJS%20Course/learn/BlogApi/src/middlewares/asyncWrapper.js:3:5[39m
[31m    at Layer.handleRequest (D:\NodeJS Course\learn\BlogApi\node_modules\router\lib\layer.js:152:17)[39m
[31m    at next (D:\NodeJS Course\learn\BlogApi\node_modules\router\lib\route.js:157:13)[39m
[31m    at Route.dispatch (D:\NodeJS Course\learn\BlogApi\node_modules\router\lib\route.js:117:3)[39m
[31m    at handle (D:\NodeJS Course\learn\BlogApi\node_modules\router\index.js:435:11)[39m
2025-10-28 06:39:32 , [31merror[39m , [31m[b4ba2d79-820e-4a19-995d-6073915a01a4] Completed -> POST /api/posts/ | Error (500) | 3ms[39m
2025-10-28 06:39:33 , [31merror[39m , [31m7d8fb809-1858-4599-8c15-c2e8d05ee990 Cannot destructure property 'title' of 'req.body' as it is undefined. , POST , /api/posts/[39m
[31mTypeError: Cannot destructure property 'title' of 'req.body' as it is undefined.[39m
[31m    at file:///D:/NodeJS%20Course/learn/BlogApi/src/controllers/post.controller.js:7:11[39m
[31m    at file:///D:/NodeJS%20Course/learn/BlogApi/src/middlewares/asyncWrapper.js:3:5[39m
[31m    at Layer.handleRequest (D:\NodeJS Course\learn\BlogApi\node_modules\router\lib\layer.js:152:17)[39m
[31m    at next (D:\NodeJS Course\learn\BlogApi\node_modules\router\lib\route.js:157:13)[39m
[31m    at file:///D:/NodeJS%20Course/learn/BlogApi/src/middlewares/verifyToken.js:14:3[39m
[31m    at file:///D:/NodeJS%20Course/learn/BlogApi/src/middlewares/asyncWrapper.js:3:5[39m
[31m    at Layer.handleRequest (D:\NodeJS Course\learn\BlogApi\node_modules\router\lib\layer.js:152:17)[39m
[31m    at next (D:\NodeJS Course\learn\BlogApi\node_modules\router\lib\route.js:157:13)[39m
[31m    at Route.dispatch (D:\NodeJS Course\learn\BlogApi\node_modules\router\lib\route.js:117:3)[39m
[31m    at handle (D:\NodeJS Course\learn\BlogApi\node_modules\router\index.js:435:11)[39m
2025-10-28 06:39:33 , [31merror[39m , [31m[7d8fb809-1858-4599-8c15-c2e8d05ee990] Completed -> POST /api/posts/ | Error (500) | 3ms[39m
2025-10-28 06:39:35 , [31merror[39m , [31m63a4a9f5-5dad-4def-9ad6-d26057c907ee Cannot destructure property 'title' of 'req.body' as it is undefined. , POST , /api/posts/[39m
[31mTypeError: Cannot destructure property 'title' of 'req.body' as it is undefined.[39m
[31m    at file:///D:/NodeJS%20Course/learn/BlogApi/src/controllers/post.controller.js:7:11[39m
[31m    at file:///D:/NodeJS%20Course/learn/BlogApi/src/middlewares/asyncWrapper.js:3:5[39m
[31m    at Layer.handleRequest (D:\NodeJS Course\learn\BlogApi\node_modules\router\lib\layer.js:152:17)[39m
[31m    at next (D:\NodeJS Course\learn\BlogApi\node_modules\router\lib\route.js:157:13)[39m
[31m    at file:///D:/NodeJS%20Course/learn/BlogApi/src/middlewares/verifyToken.js:14:3[39m
[31m    at file:///D:/NodeJS%20Course/learn/BlogApi/src/middlewares/asyncWrapper.js:3:5[39m
[31m    at Layer.handleRequest (D:\NodeJS Course\learn\BlogApi\node_modules\router\lib\layer.js:152:17)[39m
[31m    at next (D:\NodeJS Course\learn\BlogApi\node_modules\router\lib\route.js:157:13)[39m
[31m    at Route.dispatch (D:\NodeJS Course\learn\BlogApi\node_modules\router\lib\route.js:117:3)[39m
[31m    at handle (D:\NodeJS Course\learn\BlogApi\node_modules\router\index.js:435:11)[39m
2025-10-28 06:39:35 , [31merror[39m , [31m[63a4a9f5-5dad-4def-9ad6-d26057c907ee] Completed -> POST /api/posts/ | Error (500) | 3ms[39m
2025-10-28 06:39:55 , [31merror[39m , [31m5006ba52-9956-4060-9bfc-34038e35b105 Cannot destructure property 'title' of 'req.body' as it is undefined. , POST , /api/posts/[39m
[31mTypeError: Cannot destructure property 'title' of 'req.body' as it is undefined.[39m
[31m    at file:///D:/NodeJS%20Course/learn/BlogApi/src/controllers/post.controller.js:7:11[39m
[31m    at file:///D:/NodeJS%20Course/learn/BlogApi/src/middlewares/asyncWrapper.js:3:5[39m
[31m    at Layer.handleRequest (D:\NodeJS Course\learn\BlogApi\node_modules\router\lib\layer.js:152:17)[39m
[31m    at next (D:\NodeJS Course\learn\BlogApi\node_modules\router\lib\route.js:157:13)[39m
[31m    at file:///D:/NodeJS%20Course/learn/BlogApi/src/middlewares/verifyToken.js:14:3[39m
[31m    at file:///D:/NodeJS%20Course/learn/BlogApi/src/middlewares/asyncWrapper.js:3:5[39m
[31m    at Layer.handleRequest (D:\NodeJS Course\learn\BlogApi\node_modules\router\lib\layer.js:152:17)[39m
[31m    at next (D:\NodeJS Course\learn\BlogApi\node_modules\router\lib\route.js:157:13)[39m
[31m    at Route.dispatch (D:\NodeJS Course\learn\BlogApi\node_modules\router\lib\route.js:117:3)[39m
[31m    at handle (D:\NodeJS Course\learn\BlogApi\node_modules\router\index.js:435:11)[39m
2025-10-28 06:39:55 , [31merror[39m , [31m[5006ba52-9956-4060-9bfc-34038e35b105] Completed -> POST /api/posts/ | Error (500) | 3ms[39m
2025-10-28 06:39:57 , [31merror[39m , [31m745ec856-7daf-46b3-9791-432c2922f2d4 Cannot destructure property 'title' of 'req.body' as it is undefined. , POST , /api/posts/[39m
[31mTypeError: Cannot destructure property 'title' of 'req.body' as it is undefined.[39m
[31m    at file:///D:/NodeJS%20Course/learn/BlogApi/src/controllers/post.controller.js:7:11[39m
[31m    at file:///D:/NodeJS%20Course/learn/BlogApi/src/middlewares/asyncWrapper.js:3:5[39m
[31m    at Layer.handleRequest (D:\NodeJS Course\learn\BlogApi\node_modules\router\lib\layer.js:152:17)[39m
[31m    at next (D:\NodeJS Course\learn\BlogApi\node_modules\router\lib\route.js:157:13)[39m
[31m    at file:///D:/NodeJS%20Course/learn/BlogApi/src/middlewares/verifyToken.js:14:3[39m
[31m    at file:///D:/NodeJS%20Course/learn/BlogApi/src/middlewares/asyncWrapper.js:3:5[39m
[31m    at Layer.handleRequest (D:\NodeJS Course\learn\BlogApi\node_modules\router\lib\layer.js:152:17)[39m
[31m    at next (D:\NodeJS Course\learn\BlogApi\node_modules\router\lib\route.js:157:13)[39m
[31m    at Route.dispatch (D:\NodeJS Course\learn\BlogApi\node_modules\router\lib\route.js:117:3)[39m
[31m    at handle (D:\NodeJS Course\learn\BlogApi\node_modules\router\index.js:435:11)[39m
2025-10-28 06:39:57 , [31merror[39m , [31m[745ec856-7daf-46b3-9791-432c2922f2d4] Completed -> POST /api/posts/ | Error (500) | 3ms[39m
2025-10-28 06:43:46 , [31merror[39m , [31mError syncing models SequelizeUnknownConstraintError: Unknown constraint error[39m
2025-10-28 06:44:35 , [31merror[39m , [31mError syncing models SequelizeUnknownConstraintError: Unknown constraint error[39m
2025-10-28 06:45:44 , [31merror[39m , [31m[63b644da-c226-4986-b14e-bb028b3709d7] Completed -> POST /api/posts/070aa047-6508-4985-b4d9-97a48e361a5e | Error (404) | 5ms[39m
2025-10-28 06:45:54 , [31merror[39m , [31m[23edaa22-a70b-4cb5-96c7-1bad90f57e8a] Completed -> POST /api/posts/070aa047-6508-4985-b4d9-97a48e361a5e | Error (404) | 1ms[39m
2025-10-28 06:56:17 , [31merror[39m , [31mError syncing models SequelizeUnknownConstraintError: Unknown constraint error[39m
2025-10-28 06:59:14 , [31merror[39m , [31mError syncing models SequelizeUnknownConstraintError: Unknown constraint error[39m
2025-10-28 07:02:10 , [31merror[39m , [31m9a04c8e1-b8ee-4ec2-b0bd-52b1e9c8ddd1 Cannot read properties of undefined (reading 'id') , PUT , /api/posts/070aa047-6508-4985-b4d9-97a48e361a5e[39m
[31mTypeError: Cannot read properties of undefined (reading 'id')[39m
[31m    at file:///D:/NodeJS%20Course/learn/BlogApi/src/controllers/post.controller.js:45:39[39m
[31m    at process.processTicksAndRejections (node:internal/process/task_queues:103:5)[39m
2025-10-28 07:02:10 , [31merror[39m , [31m[9a04c8e1-b8ee-4ec2-b0bd-52b1e9c8ddd1] Completed -> PUT /api/posts/070aa047-6508-4985-b4d9-97a48e361a5e | Error (500) | 42ms[39m
2025-10-28 07:03:21 , [31merror[39m , [31m9d13ff07-8266-4a9c-abad-bd05fa03cf8d Cannot read properties of undefined (reading 'id') , PUT , /api/posts/d367b1ff-c1c2-4392-bc40-f7130edec38f[39m
[31mTypeError: Cannot read properties of undefined (reading 'id')[39m
[31m    at file:///D:/NodeJS%20Course/learn/BlogApi/src/controllers/post.controller.js:45:39[39m
[31m    at process.processTicksAndRejections (node:internal/process/task_queues:103:5)[39m
2025-10-28 07:03:21 , [31merror[39m , [31m[9d13ff07-8266-4a9c-abad-bd05fa03cf8d] Completed -> PUT /api/posts/d367b1ff-c1c2-4392-bc40-f7130edec38f | Error (500) | 45ms[39m
2025-10-28 07:03:22 , [31merror[39m , [31m1c8affc3-e13b-4280-8926-8604fcf54865 Cannot read properties of undefined (reading 'id') , PUT , /api/posts/d367b1ff-c1c2-4392-bc40-f7130edec38f[39m
[31mTypeError: Cannot read properties of undefined (reading 'id')[39m
[31m    at file:///D:/NodeJS%20Course/learn/BlogApi/src/controllers/post.controller.js:45:39[39m
[31m    at process.processTicksAndRejections (node:internal/process/task_queues:103:5)[39m
2025-10-28 07:03:22 , [31merror[39m , [31m[1c8affc3-e13b-4280-8926-8604fcf54865] Completed -> PUT /api/posts/d367b1ff-c1c2-4392-bc40-f7130edec38f | Error (500) | 4ms[39m
2025-10-28 07:03:23 , [31merror[39m , [31mb19f9e03-4387-4f40-8db1-ed32be60f479 Cannot read properties of undefined (reading 'id') , PUT , /api/posts/d367b1ff-c1c2-4392-bc40-f7130edec38f[39m
[31mTypeError: Cannot read properties of undefined (reading 'id')[39m
[31m    at file:///D:/NodeJS%20Course/learn/BlogApi/src/controllers/post.controller.js:45:39[39m
[31m    at process.processTicksAndRejections (node:internal/process/task_queues:103:5)[39m
2025-10-28 07:03:23 , [31merror[39m , [31m[b19f9e03-4387-4f40-8db1-ed32be60f479] Completed -> PUT /api/posts/d367b1ff-c1c2-4392-bc40-f7130edec38f | Error (500) | 3ms[39m
2025-10-28 07:06:09 , [31merror[39m , [31mError syncing models SequelizeUnknownConstraintError: Unknown constraint error[39m
2025-10-28 07:07:24 , [31merror[39m , [31m54177e3b-de4a-47cc-bf96-91c8eb63174d Unauthorized , PUT , /api/posts/d367b1ff-c1c2-4392-bc40-f7130edec38f[39m
[31mError: Unauthorized[39m
[31m    at file:///D:/NodeJS%20Course/learn/BlogApi/src/controllers/post.controller.js:46:17[39m
[31m    at process.processTicksAndRejections (node:internal/process/task_queues:103:5)[39m
2025-10-28 07:07:24 , [31merror[39m , [31m[54177e3b-de4a-47cc-bf96-91c8eb63174d] Completed -> PUT /api/posts/d367b1ff-c1c2-4392-bc40-f7130edec38f | Error (403) | 6ms[39m
2025-10-28 07:13:44 , [31merror[39m , [31m[aa8a713c-0065-4119-ac64-1e8edf5dd6d0] Completed -> POST /api/users/login | Error (400) | 132ms[39m
2025-10-29 05:43:17 , [31merror[39m , [31mError syncing models SequelizeUnknownConstraintError: Unknown constraint error[39m
2025-10-29 05:47:17 , [31merror[39m , [31mError syncing models SequelizeUnknownConstraintError: Unknown constraint error[39m
2025-10-29 05:51:13 , [31merror[39m , [31m[e1a8fe1f-4fa1-46e0-8577-3dde68d0c670] Completed -> POST /api/comment/ | Error (404) | 1ms[39m
2025-10-29 05:51:21 , [31merror[39m , [31m[bdcb008f-518d-4176-960b-1bf60d33e920] Completed -> POST /api/comment/ | Error (404) | 2ms[39m
2025-10-29 05:51:46 , [31merror[39m , [31m[ce5464cf-333e-4933-b1c0-2915f0fa9707] Completed -> POST /api/comment/ | Error (404) | 1ms[39m
2025-10-29 05:51:47 , [31merror[39m , [31m[facdbd81-e791-41e2-ac34-372b62aecdab] Completed -> POST /api/comment/ | Error (404) | 1ms[39m
2025-10-29 05:54:21 , [31merror[39m , [31m88f96671-10b8-4246-a250-aaea8ed2fa87 operator does not exist: uuid = integer , POST , /api/comments/[39m
[31mError[39m
[31m    at Query.run (D:\NodeJS Course\learn\BlogApi\node_modules\sequelize\lib\dialects\postgres\query.js:50:25)[39m
[31m    at D:\NodeJS Course\learn\BlogApi\node_modules\sequelize\lib\sequelize.js:315:28[39m
[31m    at process.processTicksAndRejections (node:internal/process/task_queues:103:5)[39m
[31m    at async PostgresQueryInterface.select (D:\NodeJS Course\learn\BlogApi\node_modules\sequelize\lib\dialects\abstract\query-interface.js:407:12)[39m
[31m    at async Post.findAll (D:\NodeJS Course\learn\BlogApi\node_modules\sequelize\lib\model.js:1140:21)[39m
[31m    at async Post.findOne (D:\NodeJS Course\learn\BlogApi\node_modules\sequelize\lib\model.js:1240:12)[39m
[31m    at async Post.findByPk (D:\NodeJS Course\learn\BlogApi\node_modules\sequelize\lib\model.js:1221:12)[39m
[31m    at async file:///D:/NodeJS%20Course/learn/BlogApi/src/controllers/comment.controller.js:13:16[39m
2025-10-29 05:54:21 , [31merror[39m , [31m[88f96671-10b8-4246-a250-aaea8ed2fa87] Completed -> POST /api/comments/ | Error (500) | 146ms[39m
2025-10-29 05:55:53 , [31merror[39m , [31m705bb339-e06f-4c66-b083-e3f940abb855 operator does not exist: uuid = integer , POST , /api/comments/[39m
[31mError[39m
[31m    at Query.run (D:\NodeJS Course\learn\BlogApi\node_modules\sequelize\lib\dialects\postgres\query.js:50:25)[39m
[31m    at D:\NodeJS Course\learn\BlogApi\node_modules\sequelize\lib\sequelize.js:315:28[39m
[31m    at process.processTicksAndRejections (node:internal/process/task_queues:103:5)[39m
[31m    at async PostgresQueryInterface.select (D:\NodeJS Course\learn\BlogApi\node_modules\sequelize\lib\dialects\abstract\query-interface.js:407:12)[39m
[31m    at async Post.findAll (D:\NodeJS Course\learn\BlogApi\node_modules\sequelize\lib\model.js:1140:21)[39m
[31m    at async Post.findOne (D:\NodeJS Course\learn\BlogApi\node_modules\sequelize\lib\model.js:1240:12)[39m
[31m    at async Post.findByPk (D:\NodeJS Course\learn\BlogApi\node_modules\sequelize\lib\model.js:1221:12)[39m
[31m    at async file:///D:/NodeJS%20Course/learn/BlogApi/src/controllers/comment.controller.js:13:16[39m
2025-10-29 05:55:53 , [31merror[39m , [31m[705bb339-e06f-4c66-b083-e3f940abb855] Completed -> POST /api/comments/ | Error (500) | 15ms[39m
2025-10-29 05:55:54 , [31merror[39m , [31mba466bf3-b15e-44ad-97be-cb7bcd7bb310 operator does not exist: uuid = integer , POST , /api/comments/[39m
[31mError[39m
[31m    at Query.run (D:\NodeJS Course\learn\BlogApi\node_modules\sequelize\lib\dialects\postgres\query.js:50:25)[39m
[31m    at D:\NodeJS Course\learn\BlogApi\node_modules\sequelize\lib\sequelize.js:315:28[39m
[31m    at process.processTicksAndRejections (node:internal/process/task_queues:103:5)[39m
[31m    at async PostgresQueryInterface.select (D:\NodeJS Course\learn\BlogApi\node_modules\sequelize\lib\dialects\abstract\query-interface.js:407:12)[39m
[31m    at async Post.findAll (D:\NodeJS Course\learn\BlogApi\node_modules\sequelize\lib\model.js:1140:21)[39m
[31m    at async Post.findOne (D:\NodeJS Course\learn\BlogApi\node_modules\sequelize\lib\model.js:1240:12)[39m
[31m    at async Post.findByPk (D:\NodeJS Course\learn\BlogApi\node_modules\sequelize\lib\model.js:1221:12)[39m
[31m    at async file:///D:/NodeJS%20Course/learn/BlogApi/src/controllers/comment.controller.js:13:16[39m
2025-10-29 05:55:54 , [31merror[39m , [31m[ba466bf3-b15e-44ad-97be-cb7bcd7bb310] Completed -> POST /api/comments/ | Error (500) | 4ms[39m
2025-10-29 05:55:55 , [31merror[39m , [31m67a1ffba-bbcc-4259-b24b-66f6b1418825 operator does not exist: uuid = integer , POST , /api/comments/[39m
[31mError[39m
[31m    at Query.run (D:\NodeJS Course\learn\BlogApi\node_modules\sequelize\lib\dialects\postgres\query.js:50:25)[39m
[31m    at D:\NodeJS Course\learn\BlogApi\node_modules\sequelize\lib\sequelize.js:315:28[39m
[31m    at process.processTicksAndRejections (node:internal/process/task_queues:103:5)[39m
[31m    at async PostgresQueryInterface.select (D:\NodeJS Course\learn\BlogApi\node_modules\sequelize\lib\dialects\abstract\query-interface.js:407:12)[39m
[31m    at async Post.findAll (D:\NodeJS Course\learn\BlogApi\node_modules\sequelize\lib\model.js:1140:21)[39m
[31m    at async Post.findOne (D:\NodeJS Course\learn\BlogApi\node_modules\sequelize\lib\model.js:1240:12)[39m
[31m    at async Post.findByPk (D:\NodeJS Course\learn\BlogApi\node_modules\sequelize\lib\model.js:1221:12)[39m
[31m    at async file:///D:/NodeJS%20Course/learn/BlogApi/src/controllers/comment.controller.js:13:16[39m
2025-10-29 05:55:55 , [31merror[39m , [31m[67a1ffba-bbcc-4259-b24b-66f6b1418825] Completed -> POST /api/comments/ | Error (500) | 4ms[39m
2025-10-29 05:56:12 , [31merror[39m , [31m0e2da075-e402-4931-a238-6349e5ab1c43 operator does not exist: uuid = integer , POST , /api/comments/[39m
[31mError[39m
[31m    at Query.run (D:\NodeJS Course\learn\BlogApi\node_modules\sequelize\lib\dialects\postgres\query.js:50:25)[39m
[31m    at D:\NodeJS Course\learn\BlogApi\node_modules\sequelize\lib\sequelize.js:315:28[39m
[31m    at process.processTicksAndRejections (node:internal/process/task_queues:103:5)[39m
[31m    at async PostgresQueryInterface.select (D:\NodeJS Course\learn\BlogApi\node_modules\sequelize\lib\dialects\abstract\query-interface.js:407:12)[39m
[31m    at async Post.findAll (D:\NodeJS Course\learn\BlogApi\node_modules\sequelize\lib\model.js:1140:21)[39m
[31m    at async Post.findOne (D:\NodeJS Course\learn\BlogApi\node_modules\sequelize\lib\model.js:1240:12)[39m
[31m    at async Post.findByPk (D:\NodeJS Course\learn\BlogApi\node_modules\sequelize\lib\model.js:1221:12)[39m
[31m    at async file:///D:/NodeJS%20Course/learn/BlogApi/src/controllers/comment.controller.js:13:16[39m
2025-10-29 05:56:12 , [31merror[39m , [31m[0e2da075-e402-4931-a238-6349e5ab1c43] Completed -> POST /api/comments/ | Error (500) | 15ms[39m
2025-10-29 05:56:13 , [31merror[39m , [31md11e0879-5963-45e8-8dda-3920faca25af operator does not exist: uuid = integer , POST , /api/comments/[39m
[31mError[39m
[31m    at Query.run (D:\NodeJS Course\learn\BlogApi\node_modules\sequelize\lib\dialects\postgres\query.js:50:25)[39m
[31m    at D:\NodeJS Course\learn\BlogApi\node_modules\sequelize\lib\sequelize.js:315:28[39m
[31m    at process.processTicksAndRejections (node:internal/process/task_queues:103:5)[39m
[31m    at async PostgresQueryInterface.select (D:\NodeJS Course\learn\BlogApi\node_modules\sequelize\lib\dialects\abstract\query-interface.js:407:12)[39m
[31m    at async Post.findAll (D:\NodeJS Course\learn\BlogApi\node_modules\sequelize\lib\model.js:1140:21)[39m
[31m    at async Post.findOne (D:\NodeJS Course\learn\BlogApi\node_modules\sequelize\lib\model.js:1240:12)[39m
[31m    at async Post.findByPk (D:\NodeJS Course\learn\BlogApi\node_modules\sequelize\lib\model.js:1221:12)[39m
[31m    at async file:///D:/NodeJS%20Course/learn/BlogApi/src/controllers/comment.controller.js:13:16[39m
2025-10-29 05:56:13 , [31merror[39m , [31m[d11e0879-5963-45e8-8dda-3920faca25af] Completed -> POST /api/comments/ | Error (500) | 5ms[39m
2025-10-29 05:56:29 , [31merror[39m , [31mdf0f357b-dfdf-4013-a799-d61372c3bfe6 operator does not exist: uuid = integer , POST , /api/comments/[39m
[31mError[39m
[31m    at Query.run (D:\NodeJS Course\learn\BlogApi\node_modules\sequelize\lib\dialects\postgres\query.js:50:25)[39m
[31m    at D:\NodeJS Course\learn\BlogApi\node_modules\sequelize\lib\sequelize.js:315:28[39m
[31m    at process.processTicksAndRejections (node:internal/process/task_queues:103:5)[39m
[31m    at async PostgresQueryInterface.select (D:\NodeJS Course\learn\BlogApi\node_modules\sequelize\lib\dialects\abstract\query-interface.js:407:12)[39m
[31m    at async Post.findAll (D:\NodeJS Course\learn\BlogApi\node_modules\sequelize\lib\model.js:1140:21)[39m
[31m    at async Post.findOne (D:\NodeJS Course\learn\BlogApi\node_modules\sequelize\lib\model.js:1240:12)[39m
[31m    at async Post.findByPk (D:\NodeJS Course\learn\BlogApi\node_modules\sequelize\lib\model.js:1221:12)[39m
[31m    at async file:///D:/NodeJS%20Course/learn/BlogApi/src/controllers/comment.controller.js:13:16[39m
2025-10-29 05:56:29 , [31merror[39m , [31m[df0f357b-dfdf-4013-a799-d61372c3bfe6] Completed -> POST /api/comments/ | Error (500) | 144ms[39m
2025-10-29 05:59:34 , [31merror[39m , [31mba03941d-5880-4ae7-95eb-310ed37ceeb0 column User.userId does not exist , GET , /api/comments/[39m
[31mError[39m
[31m    at Query.run (D:\NodeJS Course\learn\BlogApi\node_modules\sequelize\lib\dialects\postgres\query.js:50:25)[39m
[31m    at D:\NodeJS Course\learn\BlogApi\node_modules\sequelize\lib\sequelize.js:315:28[39m
[31m    at process.processTicksAndRejections (node:internal/process/task_queues:103:5)[39m
[31m    at async PostgresQueryInterface.select (D:\NodeJS Course\learn\BlogApi\node_modules\sequelize\lib\dialects\abstract\query-interface.js:407:12)[39m
[31m    at async Comment.findAll (D:\NodeJS Course\learn\BlogApi\node_modules\sequelize\lib\model.js:1140:21)[39m
[31m    at async file:///D:/NodeJS%20Course/learn/BlogApi/src/controllers/comment.controller.js:27:20[39m
2025-10-29 05:59:34 , [31merror[39m , [31m[ba03941d-5880-4ae7-95eb-310ed37ceeb0] Completed -> GET /api/comments/ | Error (500) | 50ms[39m
2025-10-29 06:12:07 , [31merror[39m , [31mea282d16-e938-4212-a8ab-ed2eaa508eef column User.userId does not exist , GET , /api/comments/[39m
[31mError[39m
[31m    at Query.run (D:\NodeJS Course\learn\BlogApi\node_modules\sequelize\lib\dialects\postgres\query.js:50:25)[39m
[31m    at D:\NodeJS Course\learn\BlogApi\node_modules\sequelize\lib\sequelize.js:315:28[39m
[31m    at process.processTicksAndRejections (node:internal/process/task_queues:103:5)[39m
[31m    at async PostgresQueryInterface.select (D:\NodeJS Course\learn\BlogApi\node_modules\sequelize\lib\dialects\abstract\query-interface.js:407:12)[39m
[31m    at async Comment.findAll (D:\NodeJS Course\learn\BlogApi\node_modules\sequelize\lib\model.js:1140:21)[39m
[31m    at async file:///D:/NodeJS%20Course/learn/BlogApi/src/controllers/comment.controller.js:27:20[39m
2025-10-29 06:12:07 , [31merror[39m , [31m[ea282d16-e938-4212-a8ab-ed2eaa508eef] Completed -> GET /api/comments/ | Error (500) | 7ms[39m
2025-10-29 06:12:08 , [31merror[39m , [31maa8f2f41-b7d9-4ee7-af9f-e8e616684467 column User.userId does not exist , GET , /api/comments/[39m
[31mError[39m
[31m    at Query.run (D:\NodeJS Course\learn\BlogApi\node_modules\sequelize\lib\dialects\postgres\query.js:50:25)[39m
[31m    at D:\NodeJS Course\learn\BlogApi\node_modules\sequelize\lib\sequelize.js:315:28[39m
[31m    at process.processTicksAndRejections (node:internal/process/task_queues:103:5)[39m
[31m    at async PostgresQueryInterface.select (D:\NodeJS Course\learn\BlogApi\node_modules\sequelize\lib\dialects\abstract\query-interface.js:407:12)[39m
[31m    at async Comment.findAll (D:\NodeJS Course\learn\BlogApi\node_modules\sequelize\lib\model.js:1140:21)[39m
[31m    at async file:///D:/NodeJS%20Course/learn/BlogApi/src/controllers/comment.controller.js:27:20[39m
2025-10-29 06:12:08 , [31merror[39m , [31m[aa8f2f41-b7d9-4ee7-af9f-e8e616684467] Completed -> GET /api/comments/ | Error (500) | 4ms[39m
2025-10-29 06:12:09 , [31merror[39m , [31m45809089-82a5-427c-8547-3b5fad98e500 column User.userId does not exist , GET , /api/comments/[39m
[31mError[39m
[31m    at Query.run (D:\NodeJS Course\learn\BlogApi\node_modules\sequelize\lib\dialects\postgres\query.js:50:25)[39m
[31m    at D:\NodeJS Course\learn\BlogApi\node_modules\sequelize\lib\sequelize.js:315:28[39m
[31m    at process.processTicksAndRejections (node:internal/process/task_queues:103:5)[39m
[31m    at async PostgresQueryInterface.select (D:\NodeJS Course\learn\BlogApi\node_modules\sequelize\lib\dialects\abstract\query-interface.js:407:12)[39m
[31m    at async Comment.findAll (D:\NodeJS Course\learn\BlogApi\node_modules\sequelize\lib\model.js:1140:21)[39m
[31m    at async file:///D:/NodeJS%20Course/learn/BlogApi/src/controllers/comment.controller.js:27:20[39m
2025-10-29 06:12:09 , [31merror[39m , [31m[45809089-82a5-427c-8547-3b5fad98e500] Completed -> GET /api/comments/ | Error (500) | 2ms[39m
2025-10-29 06:12:13 , [31merror[39m , [31m338c867e-da8b-4e6c-af35-b05c830a9474 column User.userId does not exist , GET , /api/comments/[39m
[31mError[39m
[31m    at Query.run (D:\NodeJS Course\learn\BlogApi\node_modules\sequelize\lib\dialects\postgres\query.js:50:25)[39m
[31m    at D:\NodeJS Course\learn\BlogApi\node_modules\sequelize\lib\sequelize.js:315:28[39m
[31m    at process.processTicksAndRejections (node:internal/process/task_queues:103:5)[39m
[31m    at async PostgresQueryInterface.select (D:\NodeJS Course\learn\BlogApi\node_modules\sequelize\lib\dialects\abstract\query-interface.js:407:12)[39m
[31m    at async Comment.findAll (D:\NodeJS Course\learn\BlogApi\node_modules\sequelize\lib\model.js:1140:21)[39m
[31m    at async file:///D:/NodeJS%20Course/learn/BlogApi/src/controllers/comment.controller.js:27:20[39m
2025-10-29 06:12:13 , [31merror[39m , [31m[338c867e-da8b-4e6c-af35-b05c830a9474] Completed -> GET /api/comments/ | Error (500) | 4ms[39m
2025-10-29 06:12:14 , [31merror[39m , [31m57084fe5-497a-4efc-8971-84c04b166610 column User.userId does not exist , GET , /api/comments/[39m
[31mError[39m
[31m    at Query.run (D:\NodeJS Course\learn\BlogApi\node_modules\sequelize\lib\dialects\postgres\query.js:50:25)[39m
[31m    at D:\NodeJS Course\learn\BlogApi\node_modules\sequelize\lib\sequelize.js:315:28[39m
[31m    at process.processTicksAndRejections (node:internal/process/task_queues:103:5)[39m
[31m    at async PostgresQueryInterface.select (D:\NodeJS Course\learn\BlogApi\node_modules\sequelize\lib\dialects\abstract\query-interface.js:407:12)[39m
[31m    at async Comment.findAll (D:\NodeJS Course\learn\BlogApi\node_modules\sequelize\lib\model.js:1140:21)[39m
[31m    at async file:///D:/NodeJS%20Course/learn/BlogApi/src/controllers/comment.controller.js:27:20[39m
2025-10-29 06:12:14 , [31merror[39m , [31m[57084fe5-497a-4efc-8971-84c04b166610] Completed -> GET /api/comments/ | Error (500) | 4ms[39m
2025-10-29 06:12:23 , [31merror[39m , [31mc7134693-1393-46b4-a684-74630be22fa5 column User.userId does not exist , GET , /api/comments/[39m
[31mError[39m
[31m    at Query.run (D:\NodeJS Course\learn\BlogApi\node_modules\sequelize\lib\dialects\postgres\query.js:50:25)[39m
[31m    at D:\NodeJS Course\learn\BlogApi\node_modules\sequelize\lib\sequelize.js:315:28[39m
[31m    at process.processTicksAndRejections (node:internal/process/task_queues:103:5)[39m
[31m    at async PostgresQueryInterface.select (D:\NodeJS Course\learn\BlogApi\node_modules\sequelize\lib\dialects\abstract\query-interface.js:407:12)[39m
[31m    at async Comment.findAll (D:\NodeJS Course\learn\BlogApi\node_modules\sequelize\lib\model.js:1140:21)[39m
[31m    at async file:///D:/NodeJS%20Course/learn/BlogApi/src/controllers/comment.controller.js:27:20[39m
2025-10-29 06:12:23 , [31merror[39m , [31m[c7134693-1393-46b4-a684-74630be22fa5] Completed -> GET /api/comments/ | Error (500) | 3ms[39m
2025-10-29 06:12:24 , [31merror[39m , [31m5dd89a7d-41c3-4b33-b9b7-e65e1786d2a4 column User.userId does not exist , GET , /api/comments/[39m
[31mError[39m
[31m    at Query.run (D:\NodeJS Course\learn\BlogApi\node_modules\sequelize\lib\dialects\postgres\query.js:50:25)[39m
[31m    at D:\NodeJS Course\learn\BlogApi\node_modules\sequelize\lib\sequelize.js:315:28[39m
[31m    at process.processTicksAndRejections (node:internal/process/task_queues:103:5)[39m
[31m    at async PostgresQueryInterface.select (D:\NodeJS Course\learn\BlogApi\node_modules\sequelize\lib\dialects\abstract\query-interface.js:407:12)[39m
[31m    at async Comment.findAll (D:\NodeJS Course\learn\BlogApi\node_modules\sequelize\lib\model.js:1140:21)[39m
[31m    at async file:///D:/NodeJS%20Course/learn/BlogApi/src/controllers/comment.controller.js:27:20[39m
2025-10-29 06:12:24 , [31merror[39m , [31m[5dd89a7d-41c3-4b33-b9b7-e65e1786d2a4] Completed -> GET /api/comments/ | Error (500) | 4ms[39m
2025-10-29 06:16:37 , [31merror[39m , [31mError syncing models SequelizeDatabaseError: relation "User" does not exist[39m
2025-10-29 06:16:45 , [31merror[39m , [31mError syncing models SequelizeUnknownConstraintError: Unknown constraint error[39m
2025-10-29 06:18:51 , [31merror[39m , [31mError syncing models SequelizeUnknownConstraintError: Unknown constraint error[39m
2025-10-29 06:19:39 , [31merror[39m , [31m845ad0cd-fce6-4338-829f-a718ec6c21a9 column User.userId does not exist , GET , /api/comments/[39m
[31mError[39m
[31m    at Query.run (D:\NodeJS Course\learn\BlogApi\node_modules\sequelize\lib\dialects\postgres\query.js:50:25)[39m
[31m    at D:\NodeJS Course\learn\BlogApi\node_modules\sequelize\lib\sequelize.js:315:28[39m
[31m    at process.processTicksAndRejections (node:internal/process/task_queues:103:5)[39m
[31m    at async PostgresQueryInterface.select (D:\NodeJS Course\learn\BlogApi\node_modules\sequelize\lib\dialects\abstract\query-interface.js:407:12)[39m
[31m    at async Comment.findAll (D:\NodeJS Course\learn\BlogApi\node_modules\sequelize\lib\model.js:1140:21)[39m
[31m    at async file:///D:/NodeJS%20Course/learn/BlogApi/src/controllers/comment.controller.js:27:20[39m
2025-10-29 06:19:39 , [31merror[39m , [31m[845ad0cd-fce6-4338-829f-a718ec6c21a9] Completed -> GET /api/comments/ | Error (500) | 8ms[39m
2025-10-29 06:19:40 , [31merror[39m , [31m24bc6c4b-a0df-4727-94e0-33d6bd515185 column User.userId does not exist , GET , /api/comments/[39m
[31mError[39m
[31m    at Query.run (D:\NodeJS Course\learn\BlogApi\node_modules\sequelize\lib\dialects\postgres\query.js:50:25)[39m
[31m    at D:\NodeJS Course\learn\BlogApi\node_modules\sequelize\lib\sequelize.js:315:28[39m
[31m    at process.processTicksAndRejections (node:internal/process/task_queues:103:5)[39m
[31m    at async PostgresQueryInterface.select (D:\NodeJS Course\learn\BlogApi\node_modules\sequelize\lib\dialects\abstract\query-interface.js:407:12)[39m
[31m    at async Comment.findAll (D:\NodeJS Course\learn\BlogApi\node_modules\sequelize\lib\model.js:1140:21)[39m
[31m    at async file:///D:/NodeJS%20Course/learn/BlogApi/src/controllers/comment.controller.js:27:20[39m
2025-10-29 06:19:40 , [31merror[39m , [31m[24bc6c4b-a0df-4727-94e0-33d6bd515185] Completed -> GET /api/comments/ | Error (500) | 6ms[39m
2025-10-29 06:19:42 , [31merror[39m , [31m9a89f4d3-773e-4562-b13a-edfc512793b6 column User.userId does not exist , GET , /api/comments/[39m
[31mError[39m
[31m    at Query.run (D:\NodeJS Course\learn\BlogApi\node_modules\sequelize\lib\dialects\postgres\query.js:50:25)[39m
[31m    at D:\NodeJS Course\learn\BlogApi\node_modules\sequelize\lib\sequelize.js:315:28[39m
[31m    at process.processTicksAndRejections (node:internal/process/task_queues:103:5)[39m
[31m    at async PostgresQueryInterface.select (D:\NodeJS Course\learn\BlogApi\node_modules\sequelize\lib\dialects\abstract\query-interface.js:407:12)[39m
[31m    at async Comment.findAll (D:\NodeJS Course\learn\BlogApi\node_modules\sequelize\lib\model.js:1140:21)[39m
[31m    at async file:///D:/NodeJS%20Course/learn/BlogApi/src/controllers/comment.controller.js:27:20[39m
2025-10-29 06:19:42 , [31merror[39m , [31m[9a89f4d3-773e-4562-b13a-edfc512793b6] Completed -> GET /api/comments/ | Error (500) | 4ms[39m
2025-10-29 06:19:44 , [31merror[39m , [31m46a3d817-ab15-4090-bff3-c8ddcdc74d10 column User.userId does not exist , GET , /api/comments/[39m
[31mError[39m
[31m    at Query.run (D:\NodeJS Course\learn\BlogApi\node_modules\sequelize\lib\dialects\postgres\query.js:50:25)[39m
[31m    at D:\NodeJS Course\learn\BlogApi\node_modules\sequelize\lib\sequelize.js:315:28[39m
[31m    at process.processTicksAndRejections (node:internal/process/task_queues:103:5)[39m
[31m    at async PostgresQueryInterface.select (D:\NodeJS Course\learn\BlogApi\node_modules\sequelize\lib\dialects\abstract\query-interface.js:407:12)[39m
[31m    at async Comment.findAll (D:\NodeJS Course\learn\BlogApi\node_modules\sequelize\lib\model.js:1140:21)[39m
[31m    at async file:///D:/NodeJS%20Course/learn/BlogApi/src/controllers/comment.controller.js:27:20[39m
2025-10-29 06:19:44 , [31merror[39m , [31m[46a3d817-ab15-4090-bff3-c8ddcdc74d10] Completed -> GET /api/comments/ | Error (500) | 4ms[39m
